<?xml version="1.0" encoding="UTF-8" standalone="yes"?><!DOCTYPE report PUBLIC "-//JACOCO//DTD Report 1.1//EN" "report.dtd"><report name="HelloTestFX"><sessioninfo id="LAPTOP-MUV3KTPS-45be23b7" start="1652534210800" dump="1652534222532"/><sessioninfo id="LAPTOP-MUV3KTPS-ce47a176" start="1652534259668" dump="1652534270548"/><sessioninfo id="LAPTOP-MUV3KTPS-50d0323c" start="1652534307138" dump="1652534317735"/><sessioninfo id="LAPTOP-MUV3KTPS-9c3e7808" start="1652534491679" dump="1652534501599"/><sessioninfo id="LAPTOP-MUV3KTPS-ba606525" start="1652534615704" dump="1652534625445"/><sessioninfo id="LAPTOP-MUV3KTPS-904a7690" start="1652534682887" dump="1652534693415"/><sessioninfo id="LAPTOP-MUV3KTPS-fd9ab8fd" start="1652534707797" dump="1652534717880"/><sessioninfo id="LAPTOP-MUV3KTPS-ccd7394c" start="1652534734577" dump="1652534744581"/><sessioninfo id="LAPTOP-MUV3KTPS-e90e4ff0" start="1652534831570" dump="1652534841214"/><sessioninfo id="LAPTOP-MUV3KTPS-a40290b9" start="1652534890882" dump="1652534900271"/><sessioninfo id="LAPTOP-MUV3KTPS-95616168" start="1652534942508" dump="1652534952395"/><sessioninfo id="LAPTOP-MUV3KTPS-bc3ac855" start="1652535028214" dump="1652535037914"/><sessioninfo id="LAPTOP-MUV3KTPS-10bf761b" start="1652535258594" dump="1652535263938"/><sessioninfo id="LAPTOP-MUV3KTPS-a270cf46" start="1652537508791" dump="1652537514147"/><sessioninfo id="LAPTOP-MUV3KTPS-737e7bc5" start="1652537769979" dump="1652537774883"/><sessioninfo id="LAPTOP-MUV3KTPS-ddc62534" start="1652540103696" dump="1652540108578"/><sessioninfo id="LAPTOP-MUV3KTPS-4d733709" start="1652540115189" dump="1652540120917"/><sessioninfo id="LAPTOP-MUV3KTPS-bff7106c" start="1652540314992" dump="1652540321674"/><package name="ac/il/haifa/cs/sweng/HelloTestFX"><class name="ac/il/haifa/cs/sweng/HelloTestFX/App" sourcefilename="App.java"><method name="&lt;init&gt;" desc="()V" line="13"><counter type="INSTRUCTION" missed="3" covered="0"/><counter type="LINE" missed="1" covered="0"/><counter type="COMPLEXITY" missed="1" covered="0"/><counter type="METHOD" missed="1" covered="0"/></method><method name="start" desc="(Ljavafx/stage/Stage;)V" line="19"><counter type="INSTRUCTION" missed="28" covered="0"/><counter type="LINE" missed="6" covered="0"/><counter type="COMPLEXITY" missed="1" covered="0"/><counter type="METHOD" missed="1" covered="0"/></method><method name="setRoot" desc="(Ljava/lang/String;)V" line="27"><counter type="INSTRUCTION" missed="5" covered="0"/><counter type="LINE" missed="2" covered="0"/><counter type="COMPLEXITY" missed="1" covered="0"/><counter type="METHOD" missed="1" covered="0"/></method><method name="loadFXML" desc="(Ljava/lang/String;)Ljavafx/scene/Parent;" line="31"><counter type="INSTRUCTION" missed="12" covered="0"/><counter type="LINE" missed="2" covered="0"/><counter type="COMPLEXITY" missed="1" covered="0"/><counter type="METHOD" missed="1" covered="0"/></method><method name="main" desc="([Ljava/lang/String;)V" line="36"><counter type="INSTRUCTION" missed="4" covered="0"/><counter type="LINE" missed="2" covered="0"/><counter type="COMPLEXITY" missed="1" covered="0"/><counter type="METHOD" missed="1" covered="0"/></method><counter type="INSTRUCTION" missed="52" covered="0"/><counter type="LINE" missed="13" covered="0"/><counter type="COMPLEXITY" missed="5" covered="0"/><counter type="METHOD" missed="5" covered="0"/><counter type="CLASS" missed="1" covered="0"/></class><class name="ac/il/haifa/cs/sweng/HelloTestFX/PrimaryController" sourcefilename="PrimaryController.java"><method name="&lt;init&gt;" desc="()V" line="6"><counter type="INSTRUCTION" missed="0" covered="3"/><counter type="LINE" missed="0" covered="1"/><counter type="COMPLEXITY" missed="0" covered="1"/><counter type="METHOD" missed="0" covered="1"/></method><method name="sayHello" desc="()V" line="13"><counter type="INSTRUCTION" missed="0" covered="5"/><counter type="LINE" missed="0" covered="2"/><counter type="COMPLEXITY" missed="0" covered="1"/><counter type="METHOD" missed="0" covered="1"/></method><method name="initialize" desc="()V" line="18"><counter type="INSTRUCTION" missed="0" covered="5"/><counter type="LINE" missed="0" covered="2"/><counter type="COMPLEXITY" missed="0" covered="1"/><counter type="METHOD" missed="0" covered="1"/></method><counter type="INSTRUCTION" missed="0" covered="13"/><counter type="LINE" missed="0" covered="5"/><counter type="COMPLEXITY" missed="0" covered="3"/><counter type="METHOD" missed="0" covered="3"/><counter type="CLASS" missed="0" covered="1"/></class><sourcefile name="PrimaryController.java"><line nr="6" mi="0" ci="3" mb="0" cb="0"/><line nr="13" mi="0" ci="4" mb="0" cb="0"/><line nr="14" mi="0" ci="1" mb="0" cb="0"/><line nr="18" mi="0" ci="4" mb="0" cb="0"/><line nr="19" mi="0" ci="1" mb="0" cb="0"/><counter type="INSTRUCTION" missed="0" covered="13"/><counter type="LINE" missed="0" covered="5"/><counter type="COMPLEXITY" missed="0" covered="3"/><counter type="METHOD" missed="0" covered="3"/><counter type="CLASS" missed="0" covered="1"/></sourcefile><sourcefile name="App.java"><line nr="13" mi="3" ci="0" mb="0" cb="0"/><line nr="19" mi="6" ci="0" mb="0" cb="0"/><line nr="20" mi="3" ci="0" mb="0" cb="0"/><line nr="21" mi="13" ci="0" mb="0" cb="0"/><line nr="22" mi="3" ci="0" mb="0" cb="0"/><line nr="23" mi="2" ci="0" mb="0" cb="0"/><line nr="24" mi="1" ci="0" mb="0" cb="0"/><line nr="27" mi="4" ci="0" mb="0" cb="0"/><line nr="28" mi="1" ci="0" mb="0" cb="0"/><line nr="31" mi="8" ci="0" mb="0" cb="0"/><line nr="32" mi="4" ci="0" mb="0" cb="0"/><line nr="36" mi="3" ci="0" mb="0" cb="0"/><line nr="37" mi="1" ci="0" mb="0" cb="0"/><counter type="INSTRUCTION" missed="52" covered="0"/><counter type="LINE" missed="13" covered="0"/><counter type="COMPLEXITY" missed="5" covered="0"/><counter type="METHOD" missed="5" covered="0"/><counter type="CLASS" missed="1" covered="0"/></sourcefile><counter type="INSTRUCTION" missed="52" covered="13"/><counter type="LINE" missed="13" covered="5"/><counter type="COMPLEXITY" missed="5" covered="3"/><counter type="METHOD" missed="5" covered="3"/><counter type="CLASS" missed="1" covered="1"/></package><counter type="INSTRUCTION" missed="52" covered="13"/><counter type="LINE" missed="13" covered="5"/><counter type="COMPLEXITY" missed="5" covered="3"/><counter type="METHOD" missed="5" covered="3"/><counter type="CLASS" missed="1" covered="1"/></report>