<?xml version="1.0" encoding="UTF-8"?>
<testsuite xmlns:xsi="http://www.w3.org/2001/XMLSchema-instance" xsi:noNamespaceSchemaLocation="https://maven.apache.org/surefire/maven-surefire-plugin/xsd/surefire-test-report-3.0.xsd" version="3.0" name="ac.il.haifa.cs.sweng.HelloTestFX.AppTest" time="5.533" tests="3" errors="0" skipped="0" failures="0">
  <properties>
[...]
</properties>
  <testcase name="test_button_test(FxRobot)" classname="ac.il.haifa.cs.sweng.HelloTestFX.AppTest" time="4.233"/>
  <testcase name="test_label_is_empty(FxRobot)" classname="ac.il.haifa.cs.sweng.HelloTestFX.AppTest" time="0.306"/>
  <testcase name="test_button_click(FxRobot)" classname="ac.il.haifa.cs.sweng.HelloTestFX.AppTest" time="0.959"/>
</testsuite>